0 info it worked if it ends with ok
1 verbose cli [ 'C:\\Program Files\\nodejs\\node.exe',
1 verbose cli   'C:\\Program Files\\nodejs\\node_modules\\npm\\bin\\npm-cli.js',
1 verbose cli   'start' ]
2 info using npm@3.10.10
3 info using node@v6.11.0
4 verbose run-script [ 'prestart', 'start', 'poststart' ]
5 info lifecycle flapper-news@0.0.0~prestart: flapper-news@0.0.0
6 silly lifecycle flapper-news@0.0.0~prestart: no script for prestart, continuing
7 info lifecycle flapper-news@0.0.0~start: flapper-news@0.0.0
8 verbose lifecycle flapper-news@0.0.0~start: unsafe-perm in lifecycle true
9 verbose lifecycle flapper-news@0.0.0~start: PATH: C:\Program Files\nodejs\node_modules\npm\bin\node-gyp-bin;C:\Users\robert\devhome\Projets\MeanTuto\flapper-news\node_modules\.bin;C:\ProgramData\Oracle\Java\javapath;C:\Program Files (x86)\Intel\iCLS Client\;C:\Program Files\Intel\iCLS Client\;C:\Windows\system32;C:\Windows;C:\Windows\System32\Wbem;C:\Windows\System32\WindowsPowerShell\v1.0\;C:\Program Files (x86)\Common Files\Lenovo;C:\Program Files (x86)\Common Files\lenovo\easyplussdk\bin;C:\SWTOOLS\ReadyApps;C:\Program Files\Intel\WiFi\bin\;C:\Program Files\Common Files\Intel\WirelessCommon\;C:\Program Files (x86)\Intel\Intel(R) Management Engine Components\DAL;C:\Program Files\Intel\Intel(R) Management Engine Components\DAL;C:\Program Files (x86)\Intel\Intel(R) Management Engine Components\IPT;C:\Program Files\Intel\Intel(R) Management Engine Components\IPT;C:\Program Files (x86)\Lenovo\Access Connections\;C:\Program Files (x86)\Aareon France\Gupta\Ctd62;W:\Gupta\Ctd62.Ext;W:\Gupta\Ctd62.Ext\dlllistlabel;C:\Oracle\Orant12;C:\Oracle\Orant12\bin;C:\Program Files\Git\cmd;C:\Program Files\Git\mingw64\bin;C:\Program Files\Git\usr\bin;"C:\Program Files (x86)\Java\jdk1.8.0_111"\bin;C:\Program Files\PuTTY\;C:\Program Files\nodejs\;C:\Program Files\TortoiseGit\bin;C:\Users\robert\AppData\Local\atom\bin;C:\Users\robert\AppData\Roaming\npm;C:\Users\robert\devhome\tools\apache-maven-3.5.0\bin;C:\Program Files (x86)\Sophos\Sophos SSL VPN Client\bin
10 verbose lifecycle flapper-news@0.0.0~start: CWD: C:\Users\robert\devhome\Projets\MeanTuto\flapper-news
11 silly lifecycle flapper-news@0.0.0~start: Args: [ '/d /s /c', 'node ./bin/www' ]
12 silly lifecycle flapper-news@0.0.0~start: Returned: code: 3221225786  signal: null
13 info lifecycle flapper-news@0.0.0~start: Failed to exec start script
14 verbose stack Error: flapper-news@0.0.0 start: `node ./bin/www`
14 verbose stack Exit status 3221225786
14 verbose stack     at EventEmitter.<anonymous> (C:\Program Files\nodejs\node_modules\npm\lib\utils\lifecycle.js:255:16)
14 verbose stack     at emitTwo (events.js:106:13)
14 verbose stack     at EventEmitter.emit (events.js:191:7)
14 verbose stack     at ChildProcess.<anonymous> (C:\Program Files\nodejs\node_modules\npm\lib\utils\spawn.js:40:14)
14 verbose stack     at emitTwo (events.js:106:13)
14 verbose stack     at ChildProcess.emit (events.js:191:7)
14 verbose stack     at maybeClose (internal/child_process.js:891:16)
14 verbose stack     at Process.ChildProcess._handle.onexit (internal/child_process.js:226:5)
15 verbose pkgid flapper-news@0.0.0
16 verbose cwd C:\Users\robert\devhome\Projets\MeanTuto\flapper-news
17 error Windows_NT 6.1.7601
18 error argv "C:\\Program Files\\nodejs\\node.exe" "C:\\Program Files\\nodejs\\node_modules\\npm\\bin\\npm-cli.js" "start"
19 error node v6.11.0
20 error npm  v3.10.10
21 error code ELIFECYCLE
22 error flapper-news@0.0.0 start: `node ./bin/www`
22 error Exit status 3221225786
23 error Failed at the flapper-news@0.0.0 start script 'node ./bin/www'.
23 error Make sure you have the latest version of node.js and npm installed.
23 error If you do, this is most likely a problem with the flapper-news package,
23 error not with npm itself.
23 error Tell the author that this fails on your system:
23 error     node ./bin/www
23 error You can get information on how to open an issue for this project with:
23 error     npm bugs flapper-news
23 error Or if that isn't available, you can get their info via:
23 error     npm owner ls flapper-news
23 error There is likely additional logging output above.
24 verbose exit [ 1, true ]
